"../../../Engine/Content/EditorBlueprintResources/StandardMacros.uasset" 0
"../../../Excuses/Content/fonts/_SketchyTimes-b-ui.uasset" 1
"../../../Excuses/Content/fonts/_SketchyTimes-b-ui_Font.uasset" 2
"../../../Excuses/Content/Images/Textures/dialoguearea.uasset" 3
"../../../Excuses/Content/Widgets/DialogWidget.uasset" 4
"../../../Excuses/Content/PlaceholderAssets/Textures/ExamineObject.uasset" 5
"../../../Excuses/Content/PlaceholderAssets/Sprites/ExamineObject_Sprite.uasset" 6
"../../../Excuses/Content/bluePrints/ExamineObject.uasset" 7
"../../../Engine/Plugins/2D/Paper2D/Content/DefaultSpriteMaterial.uasset" 8
"../../../Engine/Plugins/2D/Paper2D/Content/TranslucentUnlitSpriteMaterial.uasset" 9
"../../../Excuses/Content/Images/Textures/standing_mother.uasset" 10
"../../../Excuses/Content/Images/sprites/standing_mother_Sprite.uasset" 11
"../../../Excuses/Content/ExamineObject_StandingParent_Blueprint.uasset" 12
"../../../Excuses/Content/Level4Sequence1_Blueprint.uasset" 13
"../../../Excuses/Content/Level4Sequence2_Blueprint.uasset" 14
"../../../Excuses/Content/PlaceholderAssets/Textures/Door.uasset" 15
"../../../Excuses/Content/PlaceholderAssets/Sprites/Door_Sprite.uasset" 16
"../../../Excuses/Content/bluePrints/Door_Blueprint.uasset" 17
"../../../Excuses/Content/PlaceholderAssets/Textures/pickUp.uasset" 18
"../../../Excuses/Content/PlaceholderAssets/Sprites/pickUp_Sprite.uasset" 19
"../../../Excuses/Content/bluePrints/pickUpBlueprint.uasset" 20
"../../../Excuses/Content/pickUp_jacket.uasset" 21
"../../../Excuses/Content/2DSideScroller/Textures/2DCharacter_IdleAnimAtlas.uasset" 22
"../../../Excuses/Content/2DSideScroller/Sprites/IdleFrames/IdleCycle1.uasset" 23
"../../../Excuses/Content/2DSideScroller/Sprites/IdleFrames/IdleCycle2.uasset" 24
"../../../Excuses/Content/2DSideScroller/Sprites/IdleFrames/IdleCycle3.uasset" 25
"../../../Excuses/Content/2DSideScroller/Sprites/IdleFrames/IdleCycle4.uasset" 26
"../../../Excuses/Content/2DSideScroller/Sprites/IdleFrames/IdleCycle5.uasset" 27
"../../../Excuses/Content/2DSideScroller/Sprites/IdleFrames/IdleCycle6.uasset" 28
"../../../Excuses/Content/2DSideScroller/Sprites/IdleFrames/IdleCycle7.uasset" 29
"../../../Excuses/Content/2DSideScroller/Sprites/IdleFrames/IdleCycle8.uasset" 30
"../../../Excuses/Content/2DSideScroller/Sprites/IdleAnimation.uasset" 31
"../../../Excuses/Content/2DSideScroller/Textures/2DBackgroundTile.uasset" 32
"../../../Excuses/Content/2DSideScroller/Materials/PrototypingSpriteMaterial.uasset" 33
"../../../Excuses/Content/2DSideScroller/Sprites/PrototypingSprite.uasset" 34
"../../../Excuses/Content/2DSideScroller/Textures/2DCharacter_RunAnimAtlas.uasset" 35
"../../../Excuses/Content/2DSideScroller/Sprites/RunFrames/RunCycle_1.uasset" 36
"../../../Excuses/Content/2DSideScroller/Sprites/RunFrames/RunCycle_10.uasset" 37
"../../../Excuses/Content/2DSideScroller/Sprites/RunFrames/RunCycle_11.uasset" 38
"../../../Excuses/Content/2DSideScroller/Sprites/RunFrames/RunCycle_12.uasset" 39
"../../../Excuses/Content/2DSideScroller/Sprites/RunFrames/RunCycle_13.uasset" 40
"../../../Excuses/Content/2DSideScroller/Sprites/RunFrames/RunCycle_14.uasset" 41
"../../../Excuses/Content/2DSideScroller/Sprites/RunFrames/RunCycle_15.uasset" 42
"../../../Excuses/Content/2DSideScroller/Sprites/RunFrames/RunCycle_16.uasset" 43
"../../../Excuses/Content/2DSideScroller/Sprites/RunFrames/RunCycle_2.uasset" 44
"../../../Excuses/Content/2DSideScroller/Sprites/RunFrames/RunCycle_3.uasset" 45
"../../../Excuses/Content/2DSideScroller/Sprites/RunFrames/RunCycle_4.uasset" 46
"../../../Excuses/Content/2DSideScroller/Sprites/RunFrames/RunCycle_5.uasset" 47
"../../../Excuses/Content/2DSideScroller/Sprites/RunFrames/RunCycle_6.uasset" 48
"../../../Excuses/Content/2DSideScroller/Sprites/RunFrames/RunCycle_7.uasset" 49
"../../../Excuses/Content/2DSideScroller/Sprites/RunFrames/RunCycle_8.uasset" 50
"../../../Excuses/Content/2DSideScroller/Sprites/RunFrames/RunCycle_9.uasset" 51
"../../../Excuses/Content/2DSideScroller/Sprites/RunningAnimation.uasset" 52
"../../../Excuses/Content/Audio/all.uasset" 53
"../../../Excuses/Content/Audio/allsoundmix.uasset" 54
"../../../Excuses/Content/Audio/AMB_Diner.uasset" 55
"../../../Excuses/Content/Audio/AMB_LessBusyPark.uasset" 56
"../../../Excuses/Content/Audio/Deep_Voice.uasset" 57
"../../../Excuses/Content/Audio/Door_Open.uasset" 58
"../../../Excuses/Content/Audio/Female_Voice.uasset" 59
"../../../Excuses/Content/Audio/Hardwood_footsteps.uasset" 60
"../../../Excuses/Content/Audio/NPC_voice.uasset" 61
"../../../Excuses/Content/Audio/SFX_CarDoorSlam.uasset" 62
"../../../Excuses/Content/Audio/SFX_ClothRip.uasset" 63
"../../../Excuses/Content/Audio/SFX_DoorSlam.uasset" 64
"../../../Excuses/Content/Audio/SFX_DoorSlamDistorted.uasset" 65
"../../../Excuses/Content/Audio/SFX_GlassClink.uasset" 66
"../../../Excuses/Content/Audio/SFX_PunchClean.uasset" 67
"../../../Excuses/Content/Audio/SFX_Safe.uasset" 68
"../../../Excuses/Content/Audio/SFX_SlapClean.uasset" 69
"../../../Excuses/Content/Images/Textures/wall_safe.uasset" 70
"../../../Excuses/Content/Images/sprites/wall_safe_Sprite.uasset" 71
"../../../Excuses/Content/bluePrints/ExamineObjectSafe_Blueprint.uasset" 72
"../../../Excuses/Content/Images/Textures/teddy_bear.uasset" 73
"../../../Excuses/Content/Images/sprites/teddy_bear_Sprite.uasset" 74
"../../../Excuses/Content/bluePrints/pickUpBlueprint_TeddyBear_Blueprint.uasset" 75
"../../../Excuses/Content/Images/Textures/file.uasset" 76
"../../../Excuses/Content/Images/sprites/file_Sprite.uasset" 77
"../../../Excuses/Content/Images/Textures/FileInspect.uasset" 78
"../../../Excuses/Content/Widgets/FolderWidget.uasset" 79
"../../../Excuses/Content/bluePrints/pickUp_file.uasset" 80
"../../../Excuses/Content/bluePrints/UI/MainMenuGAMEMODE.uasset" 81
"../../../Excuses/Content/fonts/_sketchytimes.uasset" 82
"../../../Excuses/Content/fonts/_sketchytimes_Font.uasset" 83
"../../../Excuses/Content/Images/Textures/main_menu.uasset" 84
"../../../Excuses/Content/Images/sprites/main_menu_Sprite.uasset" 85
"../../../Excuses/Content/bluePrints/UI/MainMenuWIDGET.uasset" 86
"../../../Excuses/Content/Images/Textures/option_menu.uasset" 87
"../../../Excuses/Content/Images/sprites/option_menu_Sprite.uasset" 88
"../../../Excuses/Content/bluePrints/UI/options.uasset" 89
"../../../Excuses/Content/bluePrints/UI/PauseMENU.uasset" 90
"../../../Excuses/Content/bluePrints/UI/MainMenuHUD.uasset" 91
"../../../Excuses/Content/Cinematics/Sequences/Sequence/shots/shot0010/shot0010_001.uasset" 92
"../../../Excuses/Content/Cinematics/Sequences/Sequence/shots/shot0020/shot0020_001.uasset" 93
"../../../Excuses/Content/Cinematics/Sequences/Sequence/shots/shot0030/shot0030_001.uasset" 94
"../../../Excuses/Content/Cinematics/Sequences/Sequence/shots/shot0040/shot0040_001.uasset" 95
"../../../Excuses/Content/Cinematics/Sequences/Sequence/shots/shot0050/shot0050_001.uasset" 96
"../../../Excuses/Content/CutsceneSequences/SequenceMasterLV1_Blueprint.uasset" 97
"../../../Excuses/Content/fonts/SEGOESCB.uasset" 98
"../../../Excuses/Content/fonts/SEGOESCB_Font.uasset" 99
"../../../Excuses/Content/fonts/_SketchyTimes-b.uasset" 100
"../../../Excuses/Content/Geometry/Meshes/CubeMaterial.uasset" 101
"../../../Excuses/Content/Geometry/Meshes/1M_Cube.uasset" 102
"../../../Excuses/Content/Geometry/Meshes/1M_Cube_Chamfer.uasset" 103
"../../../Excuses/Content/Geometry/Meshes/TemplateFloor.uasset" 104
"../../../Excuses/Content/Images/Textures/8_note.uasset" 105
"../../../Excuses/Content/Images/sprites/8_note_Sprite.uasset" 106
"../../../Excuses/Content/Images/Textures/bottle_label.uasset" 107
"../../../Excuses/Content/Images/sprites/bottle_label_Sprite.uasset" 108
"../../../Excuses/Content/Images/Textures/case_workerf2.uasset" 109
"../../../Excuses/Content/Images/sprites/case_workerf2_Sprite.uasset" 110
"../../../Excuses/Content/Images/Textures/clock.uasset" 111
"../../../Excuses/Content/Images/sprites/clock_Sprite.uasset" 112
"../../../Excuses/Content/Images/Textures/controls.uasset" 113
"../../../Excuses/Content/Images/sprites/controls_Sprite.uasset" 114
"../../../Excuses/Content/Images/sprites/FileInspect_Sprite.uasset" 115
"../../../Excuses/Content/Images/Textures/open_teddy_bear.uasset" 116
"../../../Excuses/Content/Images/sprites/open_teddy_bear_Sprite.uasset" 117
"../../../Excuses/Content/Images/Textures/Options_UI.uasset" 118
"../../../Excuses/Content/Images/sprites/Options_UI_Sprite.uasset" 119
"../../../Excuses/Content/Images/Textures/SafeContents.uasset" 120
"../../../Excuses/Content/Images/sprites/SafeContents_Sprite.uasset" 121
"../../../Excuses/Content/Images/Textures/test.uasset" 122
"../../../Excuses/Content/Images/sprites/test_Sprite.uasset" 123
"../../../Excuses/Content/Images/Textures/top_of_bar_person.uasset" 124
"../../../Excuses/Content/Images/sprites/top_of_bar_person_Sprite.uasset" 125
"../../../Excuses/Content/Images/Textures/volume_change.uasset" 126
"../../../Excuses/Content/Images/sprites/volume_change_Sprite.uasset" 127
"../../../Excuses/Content/Images/Textures/volume_dot.uasset" 128
"../../../Excuses/Content/Images/sprites/volume_dot_Sprite.uasset" 129
"../../../Excuses/Content/Images/Textures/caseWorkerWalk/old/case_workerTm.uasset" 130
"../../../Excuses/Content/Images/sprites/caseWorkerWalk/old/case_workerTm_Sprite.uasset" 131
"../../../Excuses/Content/Images/Textures/caseWorkerWalk/old/case_workerUp.uasset" 132
"../../../Excuses/Content/Images/sprites/caseWorkerWalk/old/case_workerUp_Sprite.uasset" 133
"../../../Excuses/Content/Images/Textures/caseWorkerWalk/old/case_worker.uasset" 134
"../../../Excuses/Content/Images/sprites/caseWorkerWalk/old/case_worker_Sprite.uasset" 135
"../../../Excuses/Content/Images/sprites/motherWalk/motherf1.uasset" 136
"../../../Excuses/Content/Images/sprites/motherWalk/motherf1_Sprite.uasset" 137
"../../../Excuses/Content/Images/sprites/motherWalk/mothertm.uasset" 138
"../../../Excuses/Content/Images/sprites/motherWalk/mothertm_Sprite.uasset" 139
"../../../Excuses/Content/Images/sprites/motherWalk/motherUp.uasset" 140
"../../../Excuses/Content/Images/sprites/motherWalk/motherUp_Sprite.uasset" 141
"../../../Excuses/Content/Images/Textures/scene_4_forground.uasset" 142
"../../../Excuses/Content/Images/Textures/scene_4_forground_Sprite.uasset" 143
"../../../Excuses/Content/Images/Textures/start_menu.uasset" 144
"../../../Excuses/Content/PlaceholderAssets/CharacterConcepts/couragethecowardlydog_2.uasset" 145
"../../../Excuses/Content/PlaceholderAssets/CharacterConcepts/couragethecowardlydog_2_Sprite.uasset" 146
"../../../Excuses/Content/PlaceholderAssets/CharacterConcepts/dontstarve_pbwinterbottom_2.uasset" 147
"../../../Excuses/Content/PlaceholderAssets/CharacterConcepts/dontstarve_pbwinterbottom_2_Sprite.uasset" 148
"../../../Excuses/Content/PlaceholderAssets/CharacterConcepts/finalconsept2_2.uasset" 149
"../../../Excuses/Content/PlaceholderAssets/CharacterConcepts/finalconsept2_2_Sprite.uasset" 150
"../../../Excuses/Content/PlaceholderAssets/CharacterConcepts/finalconsept_2.uasset" 151
"../../../Excuses/Content/PlaceholderAssets/CharacterConcepts/finalconsept_2_Sprite.uasset" 152
"../../../Excuses/Content/PlaceholderAssets/CharacterConcepts/limbo_inside_2.uasset" 153
"../../../Excuses/Content/PlaceholderAssets/CharacterConcepts/limbo_inside_2_Sprite.uasset" 154
"../../../Excuses/Content/PlaceholderAssets/Flipbooks/idleFrames/Playerf1.uasset" 155
"../../../Excuses/Content/PlaceholderAssets/Flipbooks/idleFrames/Playerf1_Sprite.uasset" 156
"../../../Excuses/Content/PlaceholderAssets/Flipbooks/idleFrames/Playerf2.uasset" 157
"../../../Excuses/Content/PlaceholderAssets/Flipbooks/idleFrames/Playerf2_Sprite.uasset" 158
"../../../Excuses/Content/PlaceholderAssets/Flipbooks/idleFrames/Playerf3.uasset" 159
"../../../Excuses/Content/PlaceholderAssets/Flipbooks/idleFrames/Playerf3_Sprite.uasset" 160
"../../../Excuses/Content/PlaceholderAssets/Flipbooks/MomIdle.uasset" 161
"../../../Excuses/Content/PlaceholderAssets/Flipbooks/MomRun.uasset" 162
"../../../Excuses/Content/PlaceholderAssets/Textures/player2.uasset" 163
"../../../Excuses/Content/PlaceholderAssets/Sprites/player2_Sprite.uasset" 164
"../../../Excuses/Content/PlaceholderAssets/Flipbooks/player2.uasset" 165
"../../../Excuses/Content/PlaceholderAssets/Textures/bard.uasset" 166
"../../../Excuses/Content/PlaceholderAssets/Sprites/bard_Sprite.uasset" 167
"../../../Excuses/Content/PlaceholderAssets/Textures/bed.uasset" 168
"../../../Excuses/Content/PlaceholderAssets/Sprites/bed_Sprite.uasset" 169
"../../../Excuses/Content/PlaceholderAssets/Textures/bg.uasset" 170
"../../../Excuses/Content/PlaceholderAssets/Sprites/bg_Sprite.uasset" 171
"../../../Excuses/Content/PlaceholderAssets/Textures/Booth.uasset" 172
"../../../Excuses/Content/PlaceholderAssets/Sprites/Booth_Sprite.uasset" 173
"../../../Excuses/Content/PlaceholderAssets/Textures/couch.uasset" 174
"../../../Excuses/Content/PlaceholderAssets/Sprites/couch_Sprite.uasset" 175
"../../../Excuses/Content/PlaceholderAssets/Textures/cursor.uasset" 176
"../../../Excuses/Content/PlaceholderAssets/Sprites/cursor_Sprite.uasset" 177
"../../../Excuses/Content/PlaceholderAssets/Textures/table.uasset" 178
"../../../Excuses/Content/PlaceholderAssets/Sprites/table_Sprite.uasset" 179
"../../../Excuses/Content/PlaceholderAssets/Textures/file.uasset" 180
"../../../Excuses/Content/PlaceholderAssets/Textures/speechBack.uasset" 181
"../../../Excuses/Content/Images/Textures/Cursor.uasset" 182
"../../../Excuses/Content/Images/sprites/Cursor_Sprite.uasset" 183
"../../../Excuses/Content/Widgets/Cursor.uasset" 184
"../../../Excuses/Content/Widgets/descriptionWidget.uasset" 185
"../../../Engine/Content/Functions/Engine_MaterialFunctions01/Opacity/CameraDepthFade.uasset" 186
"../../../Engine/Content/EngineMaterials/T_Default_Material_Grid_M.uasset" 187
"../../../Engine/Content/EngineMaterials/T_Default_Material_Grid_N.uasset" 188
"../../../Engine/Content/EngineMaterials/DefaultMaterial.uasset" 189
"../../../Engine/Content/BasicShapes/Cone.uasset" 190
"../../../Engine/Content/BasicShapes/Cylinder.uasset" 191
"../../../Engine/Content/EngineMaterials/WorldGridMaterial.uasset" 192
"../../../Engine/Content/BasicShapes/Plane.uasset" 193
"../../../Engine/Content/BasicShapes/Sphere.uasset" 194
"../../../Engine/Content/EditorLandscapeResources/DataLayer.uasset" 195
"../../../Engine/Content/EditorMaterials/GizmoMaterial.uasset" 196
"../../../Engine/Content/EditorMaterials/MAT_Groups_Toggle.uasset" 197
"../../../Engine/Content/EditorMaterials/MAT_Groups_Visibility.uasset" 198
"../../../Engine/Content/EditorMaterials/PreviewShadowIndicator.uasset" 199
"../../../Engine/Content/EditorMaterials/PreviewShadowIndicatorMaterial.uasset" 200
"../../../Engine/Content/EditorMaterials/MatineeGroups/MAT_ColorTrack.uasset" 201
"../../../Engine/Content/EditorMaterials/MatineeGroups/MAT_Groups_Anim.uasset" 202
"../../../Engine/Content/EditorMaterials/MatineeGroups/MAT_Groups_AudioMaster.uasset" 203
"../../../Engine/Content/EditorMaterials/MatineeGroups/MAT_Groups_Director.uasset" 204
"../../../Engine/Content/EditorMaterials/MatineeGroups/MAT_Groups_Event.uasset" 205
"../../../Engine/Content/EditorMaterials/MatineeGroups/MAT_Groups_Fade.uasset" 206
"../../../Engine/Content/EditorMaterials/MatineeGroups/MAT_Groups_Float.uasset" 207
"../../../Engine/Content/EditorMaterials/MatineeGroups/MAT_Groups_Move.uasset" 208
"../../../Engine/Content/EditorMaterials/MatineeGroups/MAT_Groups_Slomo.uasset" 209
"../../../Engine/Content/EditorMaterials/MatineeGroups/MAT_Groups_Sound.uasset" 210
"../../../Engine/Content/EditorMaterials/MatineeGroups/MAT_Groups_Vector.uasset" 211
"../../../Engine/Content/EditorMaterials/ParticleSystems/PSysThumbnail_NoImage.uasset" 212
"../../../Engine/Content/EditorMaterials/ParticleSystems/PSysThumbnail_OOD.uasset" 213
"../../../Engine/Content/EditorMaterials/Camera/CineMat.uasset" 214
"../../../Engine/Content/EditorMaterials/Camera/MI_CineMat_Rig.uasset" 215
"../../../Engine/Content/EditorMeshes/Camera/SM_CraneRig_Arm.uasset" 216
"../../../Engine/Content/EditorMeshes/Camera/SM_CraneRig_Base.uasset" 217
"../../../Engine/Content/EditorMeshes/Camera/SM_CraneRig_Body.uasset" 218
"../../../Engine/Content/EditorMeshes/Camera/SM_CraneRig_Mount.uasset" 219
"../../../Engine/Content/EditorMeshes/Camera/SM_RailRig_Mount.uasset" 220
"../../../Engine/Content/EditorMeshes/Camera/SM_RailRig_Track.uasset" 221
"../../../Engine/Content/EditorMeshes/ColorCalibrator/M_ChromeBall.uasset" 222
"../../../Engine/Content/EditorMeshes/ColorCalibrator/M_ClearCoat.uasset" 223
"../../../Engine/Content/EditorMeshes/ColorCalibrator/M_ClearCoatBlack.uasset" 224
"../../../Engine/Content/EditorMeshes/ColorCalibrator/Color_checker.uasset" 225
"../../../Engine/Content/EditorMeshes/ColorCalibrator/M_ColorGrid.uasset" 226
"../../../Engine/Content/EditorMeshes/ColorCalibrator/M_GreyBall.uasset" 227
"../../../Engine/Content/EditorMeshes/ColorCalibrator/SM_ColorCalibrator.uasset" 228
"../../../Engine/Content/EditorResources/BSPVertex.uasset" 229
"../../../Engine/Content/EditorResources/EmptyActor.uasset" 230
"../../../Engine/Content/EditorResources/S_Actor.uasset" 231
"../../../Engine/Content/EditorResources/S_Trigger.uasset" 232
"../../../Engine/Content/EditorResources/LightIcons/S_LightError.uasset" 233
"../../../Engine/Content/EditorResources/SequenceRecorder/Countdown.uasset" 234
"../../../Engine/Content/EditorResources/SequenceRecorder/RecordingIndicator.uasset" 235
"../../../Engine/Content/EditorSounds/Notifications/CompileFailed.uasset" 236
"../../../Engine/Content/EditorSounds/Notifications/CompileFailed_Cue.uasset" 237
"../../../Engine/Content/EditorSounds/Notifications/CompileSuccess.uasset" 238
"../../../Engine/Content/EditorSounds/Notifications/CompileStart_Cue.uasset" 239
"../../../Engine/Content/EditorSounds/Notifications/CompileSuccess_Cue.uasset" 240
"../../../Engine/Content/EngineDamageTypes/DmgTypeBP_Environmental.uasset" 241
"../../../Engine/Content/EngineDebugMaterials/HeatmapGradient.uasset" 242
"../../../Engine/Content/EngineDebugMaterials/BoneWeightMaterial.uasset" 243
"../../../Engine/Content/EngineDebugMaterials/ClothMaterial.uasset" 244
"../../../Engine/Content/EngineDebugMaterials/ClothMaterial_WF.uasset" 245
"../../../Engine/Content/EngineDebugMaterials/DebugEditorMaterial.uasset" 246
"../../../Engine/Content/EngineDebugMaterials/DebugMeshMaterial.uasset" 247
"../../../Engine/Content/EngineDebugMaterials/GeomMaterial.uasset" 248
"../../../Engine/Content/EngineFonts/Faces/RobotoBold.uasset" 249
"../../../Engine/Content/EngineFonts/Faces/RobotoBoldItalic.uasset" 250
"../../../Engine/Content/EngineFonts/Faces/RobotoItalic.uasset" 251
"../../../Engine/Content/EngineFonts/Faces/RobotoLight.uasset" 252
"../../../Engine/Content/EngineFonts/Faces/RobotoRegular.uasset" 253
"../../../Engine/Content/EngineFonts/Roboto.uasset" 254
"../../../Engine/Content/EngineFonts/Faces/RobotoTiny.uasset" 255
"../../../Engine/Content/EngineFonts/RobotoTiny.uasset" 256
"../../../Engine/Content/EngineMaterials/DefaultBloomKernel.uasset" 257
"../../../Engine/Content/EngineMaterials/DefaultBokeh.uasset" 258
"../../../Engine/Content/EngineMaterials/DefaultDiffuse.uasset" 259
"../../../Engine/Content/EngineMaterials/DefaultDeferredDecalMaterial.uasset" 260
"../../../Engine/Content/EngineMaterials/DefaultLightFunctionMaterial.uasset" 261
"../../../Engine/Content/EngineMaterials/DefaultPhysicalMaterial.uasset" 262
"../../../Engine/Content/Functions/Engine_MaterialFunctions02/Utility/BreakOutFloat2Components.uasset" 263
"../../../Engine/Content/EngineMaterials/DefaultPostProcessMaterial.uasset" 264
"../../../Engine/Content/EngineFonts/RobotoDistanceField.uasset" 265
"../../../Engine/Content/EngineMaterials/DefaultTextMaterialOpaque.uasset" 266
"../../../Engine/Content/EngineMaterials/DefaultWhiteGrid.uasset" 267
"../../../Engine/Content/EngineMaterials/EditorBrushMaterial.uasset" 268
"../../../Engine/Content/EngineMaterials/Good64x64TilingNoiseHighFreq.uasset" 269
"../../../Engine/Content/EngineMaterials/MiniFont.uasset" 270
"../../../Engine/Content/EngineMaterials/InvalidLightmapSettings.uasset" 271
"../../../Engine/Content/EngineMaterials/M_InvalidLightmapSettings.uasset" 272
"../../../Engine/Content/Functions/Engine_MaterialFunctions02/WorldPositionOffset/CameraOffset.uasset" 273
"../../../Engine/Content/EngineMaterials/PhAT_JointLimitMaterial.uasset" 274
"../../../Engine/Content/EngineMaterials/PreintegratedSkinBRDF.uasset" 275
"../../../Engine/Content/EngineMaterials/RemoveSurfaceMaterial.uasset" 276
"../../../Engine/Content/EngineMaterials/WeightMapPlaceholderTexture.uasset" 277
"../../../Engine/Content/EngineResources/WhiteSquareTexture.uasset" 278
"../../../Engine/Content/EngineMaterials/Widget3DPassThrough.uasset" 279
"../../../Engine/Content/EngineMaterials/Widget3DPassThrough_Masked.uasset" 280
"../../../Engine/Content/EngineMaterials/Widget3DPassThrough_Opaque.uasset" 281
"../../../Engine/Content/EngineMaterials/Widget3DPassThrough_Masked_OneSided.uasset" 282
"../../../Engine/Content/EngineMaterials/Widget3DPassThrough_Opaque_OneSided.uasset" 283
"../../../Engine/Content/EngineMaterials/Widget3DPassThrough_Translucent.uasset" 284
"../../../Engine/Content/EngineMaterials/Widget3DPassThrough_Translucent_OneSided.uasset" 285
"../../../Engine/Content/EngineMeshes/Cube.uasset" 286
"../../../Engine/Content/EngineMeshes/Cylinder.uasset" 287
"../../../Engine/Content/EngineMeshes/Sphere.uasset" 288
"../../../Engine/Content/EngineResources/Black.uasset" 289
"../../../Engine/Content/EngineResources/DefaultTexture.uasset" 290
"../../../Engine/Content/EngineResources/DefaultTextureCube.uasset" 291
"../../../Engine/Content/EngineResources/GradientTexture0.uasset" 292
"../../../Engine/Content/EngineSounds/Master.uasset" 293
"../../../Engine/Content/Functions/Engine_MaterialFunctions01/Shading/ConvertFromDiffSpec.uasset" 294
"../../../Engine/Content/Functions/Engine_MaterialFunctions01/Shading/PowerToRoughness.uasset" 295
"../../../Engine/Content/Maps/Templates/Thumbnails/Default.uasset" 296
"../../../Engine/Content/Maps/Templates/Thumbnails/VR-Basic.uasset" 297
"../../../Engine/Content/MobileResources/T_MobileControls_texture.uasset" 298
"../../../Engine/Content/MobileResources/T_MobileMenu2.uasset" 299
"../../../Engine/Content/MobileResources/HUD/AnalogHat.uasset" 300
"../../../Engine/Content/MobileResources/HUD/VirtualJoystick_Background.uasset" 301
"../../../Engine/Content/MobileResources/HUD/VirtualJoystick_Thumb.uasset" 302
"../../../Engine/Content/MobileResources/HUD/DefaultVirtualJoysticks.uasset" 303
"../../../Engine/Content/MobileResources/HUD/LeftVirtualJoystickOnly.uasset" 304
"../../../Engine/Content/MobileResources/HUD/MobileHUDButton1_off.uasset" 305
"../../../Engine/Content/MobileResources/HUD/MobileHUDButton1_on.uasset" 306
"../../../Engine/Content/MobileResources/HUD/MobileHUDButton2_off.uasset" 307
"../../../Engine/Content/MobileResources/HUD/MobileHUDButton2_on.uasset" 308
"../../../Engine/Content/MobileResources/HUD/MobileHUDButton3.uasset" 309
"../../../Engine/Content/MobileResources/HUD/MobileHUDButtonFire.uasset" 310
"../../../Engine/Content/MobileResources/HUD/MobileHUDDirectionPad.uasset" 311
"../../../Engine/Content/MobileResources/HUD/MobileHUDDirectionPad2.uasset" 312
"../../../Engine/Content/MobileResources/HUD/MobileHUDDirectionPad3.uasset" 313
"../../../Engine/Content/MobileResources/HUD/MobileHUDDirectionStick.uasset" 314
"../../../Engine/Content/MobileResources/HUD/T_Castle_ThumbstickInner.uasset" 315
"../../../Engine/Content/MobileResources/HUD/T_Castle_ThumbstickOutter.uasset" 316
"../../../Engine/Content/Tutorial/ContentIntroCurve.uasset" 317
"../../../Engine/Content/Tutorial/Basics/TutorialAssets/icon_tab_Levels_40x.uasset" 318
"../../../Engine/Content/Tutorial/BlueprintTutorials/TutorialAssets/BlueprintInterface_64x.uasset" 319
"../../../Engine/Content/Tutorial/BlueprintTutorials/TutorialAssets/BlueprintMacroLibrary_64x.uasset" 320
"../../../Engine/Content/Tutorial/BlueprintTutorials/TutorialAssets/Blueprint_64x.uasset" 321
"../../../Engine/Content/Tutorial/BlueprintTutorials/TutorialAssets/Tutorial_BP_Interface.uasset" 322
"../../../Engine/Content/Tutorial/Foliage/TutorialAssets/Foliage.uasset" 323
"../../../Engine/Content/Tutorial/Landscape/TutorialAssets/Landscape.uasset" 324
"../../../Engine/Content/Tutorial/Paper2D/TutorialAssets/Paper2DFlipbook_TutorialIcon.uasset" 325
"../../../Engine/Content/Tutorial/Paper2D/TutorialAssets/Paper2DSprite_TutorialIcon.uasset" 326
"../../../Engine/Content/Tutorial/SubEditors/TutorialAssets/icon_Editor_Preferences_General_40x.uasset" 327
"../../../Engine/Content/Tutorial/SubEditors/TutorialAssets/icon_ShowSkeletalMeshes_40x.uasset" 328
"../../../Engine/Content/Tutorial/SubEditors/TutorialAssets/TutorialMaterial.uasset" 329
"../../../Engine/Content/Tutorial/SubEditors/TutorialAssets/T_SmokeSubUV_8X8.uasset" 330
"../../../Engine/Content/Tutorial/SubEditors/TutorialAssets/T_soft_smoke.uasset" 331
"../../../Engine/Content/Tutorial/SubEditors/TutorialAssets/M_smoke_subUV_blackbody.uasset" 332
"../../../Engine/Content/Tutorial/SubEditors/TutorialAssets/TutorialParticleSystem.uasset" 333
"../../../Engine/Content/VREditor/Devices/Generic/GenericHMDMaterial.uasset" 334
"../../../Engine/Content/VREditor/Devices/Generic/GenericHMD.uasset" 335
"../../../Engine/Content/VREditor/FloatingText/LineMaterial.uasset" 336
"../../../Engine/Content/VREditor/FloatingText/JointSphere.uasset" 337
"../../../Engine/Content/VREditor/FloatingText/LineSegmentCylinder.uasset" 338
"../../../Engine/Content/VREditor/Fonts/VRText_RobotoLarge.uasset" 339
"../../../Engine/Content/VREditor/Fonts/VRTextMaterial.uasset" 340
"../../../Engine/Content/VREditor/Fonts/TranslucentVRTextMaterial.uasset" 341
"../../../Engine/Content/VREditor/LaserPointer/CursorPointer.uasset" 342
"../../../Engine/Content/VREditor/LaserPointer/VR_LaserPower_01.uasset" 343
"../../../Engine/Content/VREditor/TransformGizmo/TransformGizmoMaterial.uasset" 344
"../../../Engine/Content/VREditor/LaserPointer/HoverMaterial.uasset" 345
"../../../Engine/Content/VREditor/TransformGizmo/TranslucentTransformGizmoMaterial.uasset" 346
"../../../Engine/Content/VREditor/LaserPointer/TranslucentHoverMaterial.uasset" 347
"../../../Engine/Content/VREditor/LaserPointer/HoverMesh.uasset" 348
"../../../Engine/Content/VREditor/LaserPointer/LaserPointerMaterial.uasset" 349
"../../../Engine/Content/VREditor/LaserPointer/LaserPointerMaterialInst.uasset" 350
"../../../Engine/Content/VREditor/LaserPointer/TranslucentLaserPointerMaterialInst.uasset" 351
"../../../Engine/Content/VREditor/LaserPointer/LaserPointerMesh.uasset" 352
"../../../Engine/Content/VREditor/LaserPointer/LaserPointerMesh_End.uasset" 353
"../../../Engine/Content/VREditor/LaserPointer/LaserPointerMesh_Start.uasset" 354
"../../../Engine/Content/Functions/Engine_MaterialFunctions02/Utility/BreakOutFloat3Components.uasset" 355
"../../../Engine/Content/Functions/Engine_MaterialFunctions02/Math/Transform3x3Matrix.uasset" 356
"../../../Engine/Content/Functions/Engine_MaterialFunctions02/SplitComponents.uasset" 357
"../../../Engine/Content/Functions/Engine_MaterialFunctions02/Utility/MakeFloat3.uasset" 358
"../../../Engine/Content/VREditor/SnapGrid/SnapGridMaterial.uasset" 359
"../../../Engine/Content/VREditor/SnapGrid/SnapGridPlaneMesh.uasset" 360
"../../../Engine/Content/VREditor/Sounds/VR_teleport.uasset" 361
"../../../Engine/Content/VREditor/Sounds/UI/Click_on_Button_Cue.uasset" 362
"../../../Engine/Content/VREditor/Sounds/UI/Dockable_Window_Close.uasset" 363
"../../../Engine/Content/VREditor/Sounds/UI/Dockable_Window_Drop.uasset" 364
"../../../Engine/Content/VREditor/Sounds/UI/Dockable_Window_Open.uasset" 365
"../../../Engine/Content/VREditor/Sounds/UI/Dockable_Window_Pick_Up.uasset" 366
"../../../Engine/Content/VREditor/Sounds/UI/Drop_Item_From_ContentBrowser.uasset" 367
"../../../Engine/Content/VREditor/Sounds/UI/Floating_UI_Open-001.uasset" 368
"../../../Engine/Content/VREditor/Sounds/UI/Gizmo_Handle_Clicked.uasset" 369
"../../../Engine/Content/VREditor/Sounds/UI/Object_PickUp.uasset" 370
"../../../Engine/Content/VREditor/Sounds/UI/Object_Snaps_To_Another_Actor.uasset" 371
"../../../Engine/Content/VREditor/Sounds/UI/Object_Snaps_To_Grid.uasset" 372
"../../../Engine/Content/VREditor/Sounds/UI/Radial_Menu_FadeOut.uasset" 373
"../../../Engine/Content/VREditor/Sounds/UI/Scaling_Down.uasset" 374
"../../../Engine/Content/VREditor/Sounds/UI/Scaling_Up.uasset" 375
"../../../Engine/Content/VREditor/Sounds/UI/Selection_Changes.uasset" 376
"../../../Engine/Content/VREditor/Sounds/UI/Teleport_Mode_Entered.uasset" 377
"../../../Engine/Content/VREditor/Teleport/TeleportDirectionMaterial.uasset" 378
"../../../Engine/Content/VREditor/Teleport/TeleportDirectionMaterial_Inst.uasset" 379
"../../../Engine/Content/VREditor/Teleport/TeleportDirectionMesh.uasset" 380
"../../../Engine/Content/VREditor/TransformGizmo/BoundingBoxCorner.uasset" 381
"../../../Engine/Content/VREditor/TransformGizmo/BoundingBoxEdge.uasset" 382
"../../../Engine/Content/VREditor/TransformGizmo/PlaneTranslationHandle.uasset" 383
"../../../Engine/Content/VREditor/TransformGizmo/RotationHandleFull.uasset" 384
"../../../Engine/Content/VREditor/TransformGizmo/RotationHandleIndicator.uasset" 385
"../../../Engine/Content/VREditor/TransformGizmo/RotationHandleQuarter.uasset" 386
"../../../Engine/Content/VREditor/TransformGizmo/Main.uasset" 387
"../../../Engine/Content/VREditor/TransformGizmo/Xray.uasset" 388
"../../../Engine/Content/VREditor/TransformGizmo/SM_Dialog_Close.uasset" 389
"../../../Engine/Content/VREditor/TransformGizmo/SM_Dialog_Move.uasset" 390
"../../../Engine/Content/VREditor/TransformGizmo/SM_Sequencer_Key.uasset" 391
"../../../Engine/Content/VREditor/TransformGizmo/SM_Sequencer_Node.uasset" 392
"../../../Engine/Content/VREditor/TransformGizmo/StartRotationHandleIndicator.uasset" 393
"../../../Engine/Content/VREditor/TransformGizmo/TranslucentTransformGizmoMaterial_Inst.uasset" 394
"../../../Engine/Content/VREditor/TransformGizmo/TransformGizmoFreeRotation.uasset" 395
"../../../Engine/Content/VREditor/TransformGizmo/TransformGizmoMaterial_Inst.uasset" 396
"../../../Engine/Content/VREditor/TransformGizmo/TranslateArrowHandle.uasset" 397
"../../../Engine/Content/VREditor/TransformGizmo/UniformScaleHandle.uasset" 398
"../../../Engine/Content/VREditor/UI/KeyDiskMaterial.uasset" 399
"../../../Engine/Content/VREditor/UI/DiscMaterial.uasset" 400
"../../../Engine/Content/VREditor/UI/SM_Radial_Disk.uasset" 401
"../../../Engine/Content/Functions/Engine_MaterialFunctions01/Gradient/RadialGradient.uasset" 402
"../../../Engine/Content/VREditor/WorldMovementGrid/SimpleGrid.uasset" 403
"../../../Engine/Content/VREditor/WorldMovementGrid/GridMaterial.uasset" 404
"../../../Engine/Content/Functions/Engine_MaterialFunctions01/Density/ExponentialDensity.uasset" 405
"../../../Engine/Content/VREditor/WorldMovementGrid/GridPostProcess.uasset" 406
"../../../Engine/Content/EditorLandscapeResources/FlattenHeightMat.uasset" 407
"../../../Engine/Content/VREditor/WorldMovementGrid/PlaneMesh.uasset" 408
"../../../Engine/Plugins/2D/Paper2D/Content/PlaceholderTextures/DummySpriteTexture.uasset" 409
"../../../Engine/Plugins/2D/Paper2D/Content/DummySprite.uasset" 410
"../../../Engine/Plugins/2D/Paper2D/Content/DefaultPaperTerrainMaterial.uasset" 411
"../../../Engine/Plugins/2D/Paper2D/Content/MaskedUnlitSpriteMaterial.uasset" 412
"../../../Engine/Plugins/Media/MediaCompositing/Content/DefaultMediaPlaneMaterial.uasset" 413
"../../../Engine/Content/Functions/Engine_MaterialFunctions02/Utility/MakeFloat4.uasset" 414
"../../../Engine/Plugins/Runtime/AppleARKit/Content/ARKitCameraMaterial.uasset" 415
"../../../Engine/Plugins/Runtime/Oculus/OculusVR/Content/Textures/GearVRController_AO.uasset" 416
"../../../Engine/Plugins/Runtime/Oculus/OculusVR/Content/Textures/GearVRController_Color.uasset" 417
"../../../Engine/Plugins/Runtime/Oculus/OculusVR/Content/Textures/GearVRController_Normal.uasset" 418
"../../../Engine/Plugins/Runtime/Oculus/OculusVR/Content/Materials/GearVRControllerMaterial.uasset" 419
"../../../Engine/Plugins/Runtime/Oculus/OculusVR/Content/Meshes/GearVrController.uasset" 420
"../../../Engine/Content/EngineSky/C_Sky_Cloud_Color.uasset" 421
"../../../Engine/Content/EngineSky/C_Sky_Horizon_Color.uasset" 422
"../../../Engine/Content/EngineSky/C_Sky_Zenith_Color.uasset" 423
"../../../Engine/Content/EngineSky/T_Sky_Blue.uasset" 424
"../../../Engine/Content/EngineSky/T_Sky_Clouds_M.uasset" 425
"../../../Engine/Content/EngineSky/T_Sky_Stars.uasset" 426
"../../../Engine/Content/EngineSky/M_Sky_Panning_Clouds2.uasset" 427
"../../../Engine/Content/EngineSky/SM_SkySphere.uasset" 428
"../../../Engine/Content/EngineSky/BP_Sky_Sphere.uasset" 429
"../../../Excuses/Content/PlaceholderAssets/Textures/BaseBlock.uasset" 430
"../../../Excuses/Content/PlaceholderAssets/Sprites/BaseBlock_Sprite.uasset" 431
"../../../Excuses/Content/PlaceholderAssets/Textures/slope.uasset" 432
"../../../Excuses/Content/PlaceholderAssets/Sprites/slope_Sprite.uasset" 433
"../../../Excuses/Content/test.umap" 434
"../../../Excuses/Content/PlaceholderAssets/Textures/player1.uasset" 435
"../../../Excuses/Content/PlaceholderAssets/Sprites/player1_Sprite.uasset" 436
"../../../Excuses/Content/PlaceholderAssets/Flipbooks/player1.uasset" 437
"../../../Excuses/Content/bluePrints/Player.uasset" 438
"../../../Excuses/Content/TestLevel.umap" 439
"../../../Excuses/Content/Images/Textures/case_worker_copy.uasset" 440
"../../../Excuses/Content/Images/sprites/case_worker_copy_Sprite.uasset" 441
"../../../Excuses/Content/Images/FlipBooks/case_worker_Flipbook.uasset" 442
"../../../Excuses/Content/Images/Textures/caseWorkerWalk/case_worker_walking2.uasset" 443
"../../../Excuses/Content/Images/sprites/caseWorkerWalk/case_worker_walking2_Sprite.uasset" 444
"../../../Excuses/Content/Images/Textures/caseWorkerWalk/case_worker_walking_1.uasset" 445
"../../../Excuses/Content/Images/sprites/caseWorkerWalk/case_worker_walking_1_Sprite.uasset" 446
"../../../Excuses/Content/Images/Textures/caseWorkerWalk/case_worker_walking_3.uasset" 447
"../../../Excuses/Content/Images/sprites/caseWorkerWalk/case_worker_walking_3_Sprite.uasset" 448
"../../../Excuses/Content/Images/Textures/caseWorkerWalk/case_worker_walking_4.uasset" 449
"../../../Excuses/Content/Images/sprites/caseWorkerWalk/case_worker_walking_4_Sprite.uasset" 450
"../../../Excuses/Content/Images/Textures/caseWorkerWalk/case_worker_walking_5.uasset" 451
"../../../Excuses/Content/Images/sprites/caseWorkerWalk/case_worker_walking_5_Sprite.uasset" 452
"../../../Excuses/Content/Images/FlipBooks/case_worker_Walking_Flipbook.uasset" 453
"../../../Excuses/Content/Images/Textures/mother.uasset" 454
"../../../Excuses/Content/Images/sprites/mother_Sprite.uasset" 455
"../../../Excuses/Content/Images/FlipBooks/mother_Flipbook.uasset" 456
"../../../Excuses/Content/Images/Textures/momWalkCycle/mother-walking_0001_2.uasset" 457
"../../../Excuses/Content/Images/sprites/motherWalk/WalkCycle/mother-walking_0001_2_Sprite.uasset" 458
"../../../Excuses/Content/Images/Textures/momWalkCycle/mother-walking_0002_3.uasset" 459
"../../../Excuses/Content/Images/sprites/motherWalk/WalkCycle/mother-walking_0002_3_Sprite.uasset" 460
"../../../Excuses/Content/Images/Textures/momWalkCycle/mother-walking_0003_4.uasset" 461
"../../../Excuses/Content/Images/sprites/motherWalk/WalkCycle/mother-walking_0003_4_Sprite.uasset" 462
"../../../Excuses/Content/Images/Textures/momWalkCycle/mother-walking_0004_5.uasset" 463
"../../../Excuses/Content/Images/sprites/motherWalk/WalkCycle/mother-walking_0004_5_Sprite.uasset" 464
"../../../Excuses/Content/Images/Textures/momWalkCycle/mother-walking_0005_6.uasset" 465
"../../../Excuses/Content/Images/sprites/motherWalk/WalkCycle/mother-walking_0005_6_Sprite.uasset" 466
"../../../Excuses/Content/Images/Textures/momWalkCycle/mother-walking_0006_7.uasset" 467
"../../../Excuses/Content/Images/sprites/motherWalk/WalkCycle/mother-walking_0006_7_Sprite.uasset" 468
"../../../Excuses/Content/Images/FlipBooks/mother_Walking_Flipbook.uasset" 469
"../../../Excuses/Content/2DSideScrollerBP/Blueprints/2DSideScrollerCharacter.uasset" 470
"../../../Excuses/Content/bluePrints/PlayerController.uasset" 471
"../../../Excuses/Content/2DSideScrollerBP/Blueprints/2DSideScrollerGameMode.uasset" 472
"../../../Excuses/Content/2DSideScrollerBP/Maps/2DSideScrollerExampleMap_BuiltData.uasset" 473
"../../../Engine/Content/MapTemplates/Bokeh_5Sides.uasset" 474
"../../../Engine/Content/MapTemplates/T_ScreenDirt02_w.uasset" 475
"../../../Engine/Plugins/2D/Paper2D/Content/OpaqueUnlitSpriteMaterial.uasset" 476
"../../../Excuses/Content/2DSideScroller/Textures/2DBackground.uasset" 477
"../../../Excuses/Content/2DSideScroller/Sprites/Background_Sprite.uasset" 478
"../../../Excuses/Content/2DSideScroller/Textures/2DBackgroundBlockAtlas.uasset" 479
"../../../Excuses/Content/2DSideScroller/Sprites/Ledge.uasset" 480
"../../../Excuses/Content/2DSideScrollerBP/Maps/2DSideScrollerExampleMap.umap" 481
"../../../Excuses/Content/Images/Textures/logo.uasset" 482
"../../../Excuses/Content/Images/sprites/logo_Sprite.uasset" 483
"../../../Excuses/Content/Widgets/Credits.uasset" 484
"../../../Excuses/Content/Scenes/Credits.umap" 485
"../../../Excuses/Content/CutsceneSequences/Level1Sequence_Blueprint.uasset" 486
"../../../Excuses/Content/fonts/_SketchyTimes-b_Font.uasset" 487
"../../../Excuses/Content/Scenes/Level1GB_BuiltData.uasset" 488
"../../../Excuses/Content/fonts/sketchyFontMaterial.uasset" 489
"../../../Excuses/Content/Images/Textures/child.uasset" 490
"../../../Excuses/Content/Images/sprites/child_Sprite.uasset" 491
"../../../Excuses/Content/Images/sprites/dialoguearea_Sprite.uasset" 492
"../../../Excuses/Content/Images/Textures/scene_1_5_bad_app.uasset" 493
"../../../Excuses/Content/Images/sprites/scene_1_5_bad_app_Sprite.uasset" 494
"../../../Excuses/Content/Images/Textures/sitting.uasset" 495
"../../../Excuses/Content/Images/sprites/sitting_Sprite.uasset" 496
"../../../Excuses/Content/Scenes/Level1GB.umap" 497
"../../../Excuses/Content/Images/Textures/coat.uasset" 498
"../../../Excuses/Content/Images/sprites/coat_Sprite.uasset" 499
"../../../Excuses/Content/bluePrints/pickUp_jacket.uasset" 500
"../../../Excuses/Content/Audio/SFX_Keys.uasset" 501
"../../../Excuses/Content/Images/Textures/keys.uasset" 502
"../../../Excuses/Content/Images/sprites/keys_Sprite.uasset" 503
"../../../Excuses/Content/bluePrints/pickUp_keys_Blueprint.uasset" 504
"../../../Excuses/Content/bluePrints/Puzzles/puzzleTrigger_file.uasset" 505
"../../../Excuses/Content/Audio/AMB_DarkMood.uasset" 506
"../../../Excuses/Content/Images/Textures/scene_2_office_forground.uasset" 507
"../../../Excuses/Content/Images/sprites/scene_2_office_forground_Sprite.uasset" 508
"../../../Excuses/Content/Images/Textures/scene_2_office.uasset" 509
"../../../Excuses/Content/Images/sprites/scene_2_office_Sprite.uasset" 510
"../../../Excuses/Content/Scenes/Level2GB.umap" 511
"../../../Excuses/Content/CutsceneSequences/Level3Sequence_Blueprint.uasset" 512
"../../../Engine/Content/BasicShapes/BasicShapeMaterial.uasset" 513
"../../../Engine/Content/BasicShapes/Cube.uasset" 514
"../../../Excuses/Content/Images/Textures/cross.uasset" 515
"../../../Excuses/Content/Images/sprites/cross_Sprite.uasset" 516
"../../../Excuses/Content/Images/Textures/mother_child.uasset" 517
"../../../Excuses/Content/Images/sprites/mother_child_Sprite.uasset" 518
"../../../Excuses/Content/Images/Textures/scene_3_nice_app_forground.uasset" 519
"../../../Excuses/Content/Images/sprites/scene_3_nice_app_forground_Sprite.uasset" 520
"../../../Excuses/Content/Images/Textures/scene_3_nice_app.uasset" 521
"../../../Excuses/Content/Images/sprites/scene_3_nice_app_Sprite.uasset" 522
"../../../Excuses/Content/PlaceholderAssets/Textures/window.uasset" 523
"../../../Excuses/Content/PlaceholderAssets/Sprites/window_Sprite.uasset" 524
"../../../Excuses/Content/Scenes/Level3GB.umap" 525
"../../../Excuses/Content/Images/Textures/newspaper.uasset" 526
"../../../Excuses/Content/Images/sprites/newspaper_Sprite.uasset" 527
"../../../Excuses/Content/bluePrints/ExamineObject_newspaper_Blueprint.uasset" 528
"../../../Excuses/Content/bluePrints/ExamineObjectTV_Blueprint.uasset" 529
"../../../Excuses/Content/Widgets/black.uasset" 530
"../../../Excuses/Content/CutsceneSequences/Level4Sequence2_Blueprint.uasset" 531
"../../../Excuses/Content/CutsceneSequences/Level4Sequence2.uasset" 532
"../../../Excuses/Content/Widgets/ChildDinerWidget.uasset" 533
"../../../Excuses/Content/child_Sprite_Diner_Blueprint.uasset" 534
"../../../Excuses/Content/CutsceneSequences/Level4Sequence1_Blueprint.uasset" 535
"../../../Excuses/Content/Images/Textures/bottom_of_bar_person.uasset" 536
"../../../Excuses/Content/Images/sprites/bottom_of_bar_person_Sprite.uasset" 537
"../../../Excuses/Content/Images/Textures/case_worker_monster.uasset" 538
"../../../Excuses/Content/Images/sprites/case_worker_monster_Sprite.uasset" 539
"../../../Excuses/Content/Images/Textures/larger_sitting_person.uasset" 540
"../../../Excuses/Content/Images/sprites/larger_sitting_person_Sprite.uasset" 541
"../../../Excuses/Content/Images/Textures/momWalkCycle/mother-walking_0000_1.uasset" 542
"../../../Excuses/Content/Images/sprites/motherWalk/WalkCycle/mother-walking_0000_1_Sprite.uasset" 543
"../../../Excuses/Content/Images/Textures/scene_4_diner_forground.uasset" 544
"../../../Excuses/Content/Images/sprites/scene_4_diner_forground_Sprite.uasset" 545
"../../../Excuses/Content/Images/Textures/scene_4_diner.uasset" 546
"../../../Excuses/Content/Images/sprites/scene_4_diner_Sprite.uasset" 547
"../../../Excuses/Content/Images/sprites/scene_4_forground_Sprite.uasset" 548
"../../../Excuses/Content/Images/Textures/single_sitting_person.uasset" 549
"../../../Excuses/Content/Images/sprites/single_sitting_person_Sprite.uasset" 550
"../../../Excuses/Content/Images/Textures/small_sitting_person.uasset" 551
"../../../Excuses/Content/Images/sprites/small_sitting_person_Sprite.uasset" 552
"../../../Excuses/Content/Scenes/Level4GB.umap" 553
"../../../Excuses/Content/Widgets/AlcoholWidget.uasset" 554
"../../../Excuses/Content/Images/Textures/6.uasset" 555
"../../../Excuses/Content/Images/sprites/6_Sprite.uasset" 556
"../../../Excuses/Content/bluePrints/LookAt/LookAt_6_Blueprint.uasset" 557
"../../../Excuses/Content/Widgets/TeddyBearWidget.uasset" 558
"../../../Excuses/Content/bluePrints/LookAt/LookAt_TeddyBear_Blueprint.uasset" 559
"../../../Excuses/Content/Widgets/WallNotesWidget.uasset" 560
"../../../Excuses/Content/Images/Textures/wallnotes.uasset" 561
"../../../Excuses/Content/Images/sprites/wallnotes_Sprite.uasset" 562
"../../../Excuses/Content/bluePrints/LookAt/LookAt_WallNotes_Blueprint.uasset" 563
"../../../Excuses/Content/bluePrints/window_openable_Blueprint.uasset" 564
"../../../Excuses/Content/Audio/Clicking.uasset" 565
"../../../Excuses/Content/Audio/Safe.uasset" 566
"../../../Excuses/Content/Images/Textures/GreeneMotel.uasset" 567
"../../../Excuses/Content/Images/Textures/GreeneMotelInspect.uasset" 568
"../../../Excuses/Content/Images/Textures/safe.uasset" 569
"../../../Excuses/Content/Widgets/SafeWidget.uasset" 570
"../../../Excuses/Content/bluePrints/Puzzles/puzzleTrigger_Safe.uasset" 571
"../../../Excuses/Content/Images/Textures/wall_picture.uasset" 572
"../../../Excuses/Content/Images/sprites/wall_picture_Sprite.uasset" 573
"../../../Excuses/Content/pickUp_WallPicture_Blueprint.uasset" 574
"../../../Excuses/Content/Images/Textures/scene_1_5_bad_app_forground.uasset" 575
"../../../Excuses/Content/Images/sprites/scene_1_5_bad_app_forground_Sprite.uasset" 576
"../../../Excuses/Content/Scenes/Level5GB.umap" 577
"../../../Excuses/Content/CutsceneSequences/Level6Sequence_Blueprint.uasset" 578
"../../../Excuses/Content/Images/Textures/scene_6_bad_motel_forground.uasset" 579
"../../../Excuses/Content/Images/sprites/scene_6_bad_motel_forground_Sprite.uasset" 580
"../../../Excuses/Content/Images/Textures/scene_6_bad_motel.uasset" 581
"../../../Excuses/Content/Images/sprites/scene_6_bad_motel_Sprite.uasset" 582
"../../../Excuses/Content/Scenes/Level6GB.umap" 583
"../../../Excuses/Content/CutsceneSequences/Level7Sequence_Blueprint.uasset" 584
"../../../Excuses/Content/Images/Textures/asset_parts.uasset" 585
"../../../Excuses/Content/Images/sprites/asset_parts_Sprite.uasset" 586
"../../../Excuses/Content/Images/Textures/boyfriend.uasset" 587
"../../../Excuses/Content/Images/sprites/boyfriend_Sprite.uasset" 588
"../../../Excuses/Content/Images/Textures/scene_7_good_motel.uasset" 589
"../../../Excuses/Content/Images/sprites/scene_7_good_motel_Sprite.uasset" 590
"../../../Excuses/Content/Scenes/Level7GB.umap" 591
"../../../Excuses/Content/Images/Textures/standing_child.uasset" 592
"../../../Excuses/Content/Images/sprites/standing_child_Sprite.uasset" 593
"../../../Excuses/Content/bluePrints/ExamineObject2_sittingChild_Blueprint.uasset" 594
"../../../Excuses/Content/bluePrints/ExamineObject_StandingParent_Blueprint.uasset" 595
"../../../Excuses/Content/ExamineObject2_sittingChild_Blueprint.uasset" 596
"../../../Excuses/Content/Level8Sequence.uasset" 597
"../../../Excuses/Content/Audio/AMB_BusyPark.uasset" 598
"../../../Excuses/Content/Images/Textures/case_worker.uasset" 599
"../../../Excuses/Content/Images/sprites/case_worker_Sprite.uasset" 600
"../../../Excuses/Content/Images/Textures/scene_8_park.uasset" 601
"../../../Excuses/Content/Images/sprites/scene_8_park_Sprite.uasset" 602
"../../../Excuses/Content/Scenes/Level8GB.umap" 603
"../../../Excuses/Content/Scenes/MainMenu.umap" 604
"../../../Engine/Content/Maps/Entry.umap" 605
"../../../Engine/Content/Maps/Templates/Template_Default_BuiltData.uasset" 606
"../../../Engine/Content/MapTemplates/SM_Template_Map_Floor.uasset" 607
"../../../Engine/Content/Maps/Templates/Template_Default.umap" 608
